<?xml version="1.0" encoding="UTF-8"?>
<!-- Generated by org.testng.reporters.JUnitXMLReporter -->
<testsuite hostname="Orlansoft-web6" ignored="0" name="Command line test" tests="1" failures="1" timestamp="2022-01-07T14:17:19 WIB" time="40.663" errors="0">
  <testcase name="basicTest" time="27.744" classname="com.orlansoft.mobiletestautomation.QuickTest">
    <failure type="io.appium.java_client.NoSuchContextException" message="An unknown server-side error occurred while processing the command. Original error: No Chromedriver found that can automate Chrome &amp;apos;93.0.4577&amp;apos;. See https://github.com/appium/appium/blob/master/docs/en/writing-running-appium/web/chromedriver.md for more details
Build info: version: &amp;apos;3.141.59&amp;apos;, revision: &amp;apos;e82be7d358&amp;apos;, time: &amp;apos;2018-11-14T08:17:03&amp;apos;
System info: host: &amp;apos;Orlansoft-web6&amp;apos;, ip: &amp;apos;127.0.1.1&amp;apos;, os.name: &amp;apos;Linux&amp;apos;, os.arch: &amp;apos;amd64&amp;apos;, os.version: &amp;apos;5.4.0-73-generic&amp;apos;, java.version: &amp;apos;1.8.0_192&amp;apos;
Driver info: io.appium.java_client.android.AndroidDriver
Capabilities {appActivity: com.ionic.odsscm.MainActivity, appPackage: com.ionic.odsscm, autoGrantPermissions: true, databaseEnabled: false, desired: {appActivity: com.ionic.odsscm.MainActivity, appPackage: com.ionic.odsscm, autoGrantPermissions: true, deviceName: 2c1b9b4a, noReset: false, platformName: android, platformVersion: 9.0, skipUnlock: false, udid: 057585317d28}, deviceApiLevel: 28, deviceManufacturer: Xiaomi, deviceModel: Redmi 6, deviceName: 057585317d28, deviceScreenDensity: 320, deviceScreenSize: 720x1440, deviceUDID: 057585317d28, javascriptEnabled: true, locationContextEnabled: false, networkConnectionEnabled: true, noReset: false, pixelRatio: 2, platform: LINUX, platformName: Android, platformVersion: 9, skipUnlock: false, statBarHeight: 48, takesScreenshot: true, udid: 057585317d28, viewportRect: {height: 1296, left: 0, top: 48, width: 720}, warnings: {}, webStorageEnabled: false}
Session ID: e264ec33-46a3-4916-9918-5b644354b7c6">
      <![CDATA[io.appium.java_client.NoSuchContextException: An unknown server-side error occurred while processing the command. Original error: No Chromedriver found that can automate Chrome '93.0.4577'. See https://github.com/appium/appium/blob/master/docs/en/writing-running-appium/web/chromedriver.md for more details
Build info: version: '3.141.59', revision: 'e82be7d358', time: '2018-11-14T08:17:03'
System info: host: 'Orlansoft-web6', ip: '127.0.1.1', os.name: 'Linux', os.arch: 'amd64', os.version: '5.4.0-73-generic', java.version: '1.8.0_192'
Driver info: io.appium.java_client.android.AndroidDriver
Capabilities {appActivity: com.ionic.odsscm.MainActivity, appPackage: com.ionic.odsscm, autoGrantPermissions: true, databaseEnabled: false, desired: {appActivity: com.ionic.odsscm.MainActivity, appPackage: com.ionic.odsscm, autoGrantPermissions: true, deviceName: 2c1b9b4a, noReset: false, platformName: android, platformVersion: 9.0, skipUnlock: false, udid: 057585317d28}, deviceApiLevel: 28, deviceManufacturer: Xiaomi, deviceModel: Redmi 6, deviceName: 057585317d28, deviceScreenDensity: 320, deviceScreenSize: 720x1440, deviceUDID: 057585317d28, javascriptEnabled: true, locationContextEnabled: false, networkConnectionEnabled: true, noReset: false, pixelRatio: 2, platform: LINUX, platformName: Android, platformVersion: 9, skipUnlock: false, statBarHeight: 48, takesScreenshot: true, udid: 057585317d28, viewportRect: {height: 1296, left: 0, top: 48, width: 720}, warnings: {}, webStorageEnabled: false}
Session ID: e264ec33-46a3-4916-9918-5b644354b7c6
at io.appium.java_client.AppiumDriver.context(AppiumDriver.java:232)
at com.orlansoft.mobiletestautomation.QuickTest.basicTest(QuickTest.java:46)
at java.util.ArrayList.forEach(ArrayList.java:1257)
at com.orlansoft.mobiletestautomation.RunTest.main(RunTest.java:13)
Caused by: org.openqa.selenium.WebDriverException: An unknown server-side error occurred while processing the command. Original error: No Chromedriver found that can automate Chrome '93.0.4577'. See https://github.com/appium/appium/blob/master/docs/en/writing-running-appium/web/chromedriver.md for more details
Build info: version: '3.141.59', revision: 'e82be7d358', time: '2018-11-14T08:17:03'
System info: host: 'Orlansoft-web6', ip: '127.0.1.1', os.name: 'Linux', os.arch: 'amd64', os.version: '5.4.0-73-generic', java.version: '1.8.0_192'
Driver info: io.appium.java_client.android.AndroidDriver
Capabilities {appActivity: com.ionic.odsscm.MainActivity, appPackage: com.ionic.odsscm, autoGrantPermissions: true, databaseEnabled: false, desired: {appActivity: com.ionic.odsscm.MainActivity, appPackage: com.ionic.odsscm, autoGrantPermissions: true, deviceName: 2c1b9b4a, noReset: false, platformName: android, platformVersion: 9.0, skipUnlock: false, udid: 057585317d28}, deviceApiLevel: 28, deviceManufacturer: Xiaomi, deviceModel: Redmi 6, deviceName: 057585317d28, deviceScreenDensity: 320, deviceScreenSize: 720x1440, deviceUDID: 057585317d28, javascriptEnabled: true, locationContextEnabled: false, networkConnectionEnabled: true, noReset: false, pixelRatio: 2, platform: LINUX, platformName: Android, platformVersion: 9, skipUnlock: false, statBarHeight: 48, takesScreenshot: true, udid: 057585317d28, viewportRect: {height: 1296, left: 0, top: 48, width: 720}, warnings: {}, webStorageEnabled: false}
Session ID: e264ec33-46a3-4916-9918-5b644354b7c6
at org.openqa.selenium.remote.http.W3CHttpResponseCodec.createException(W3CHttpResponseCodec.java:187)
at org.openqa.selenium.remote.http.W3CHttpResponseCodec.decode(W3CHttpResponseCodec.java:122)
at org.openqa.selenium.remote.http.W3CHttpResponseCodec.decode(W3CHttpResponseCodec.java:49)
at org.openqa.selenium.remote.HttpCommandExecutor.execute(HttpCommandExecutor.java:158)
at io.appium.java_client.remote.AppiumCommandExecutor.execute(AppiumCommandExecutor.java:247)
at org.openqa.selenium.remote.RemoteWebDriver.execute(RemoteWebDriver.java:552)
at io.appium.java_client.DefaultGenericMobileDriver.execute(DefaultGenericMobileDriver.java:41)
at io.appium.java_client.AppiumDriver.execute(AppiumDriver.java:1)
at io.appium.java_client.android.AndroidDriver.execute(AndroidDriver.java:1)
at io.appium.java_client.AppiumDriver.context(AppiumDriver.java:229)
... 27 more
... Removed 28 stack frames]]>
    </failure>
  </testcase> <!-- basicTest -->
</testsuite> <!-- Command line test -->
