<?xml version="1.0" encoding="UTF-8"?>
<testng-results skipped="0" failed="0" ignored="0" total="1" passed="1">
  <reporter-output>
  </reporter-output>
  <suite name="Mobile Test" duration-ms="78031" started-at="2022-01-13T14:55:56 WIB" finished-at="2022-01-13T14:57:14 WIB">
    <groups>
    </groups>
    <test name="Command line test" duration-ms="78031" started-at="2022-01-13T14:55:56 WIB" finished-at="2022-01-13T14:57:14 WIB">
      <class name="com.orlansoft.mobiletestautomation.QuickTest">
        <test-method status="PASS" signature="setup()[pri:0, instance:com.orlansoft.mobiletestautomation.QuickTest@b97c004]" name="setup" is-config="true" duration-ms="12057" started-at="2022-01-13T14:55:56 WIB" finished-at="2022-01-13T14:56:08 WIB">
          <reporter-output>
          </reporter-output>
        </test-method> <!-- setup -->
        <test-method status="PASS" signature="basicTest()[pri:0, instance:com.orlansoft.mobiletestautomation.QuickTest@b97c004]" name="basicTest" duration-ms="65542" started-at="2022-01-13T14:56:08 WIB" finished-at="2022-01-13T14:57:14 WIB">
          <reporter-output>
          </reporter-output>
        </test-method> <!-- basicTest -->
        <test-method status="PASS" signature="teardown()[pri:0, instance:com.orlansoft.mobiletestautomation.QuickTest@b97c004]" name="teardown" is-config="true" duration-ms="406" started-at="2022-01-13T14:57:14 WIB" finished-at="2022-01-13T14:57:14 WIB">
          <reporter-output>
          </reporter-output>
        </test-method> <!-- teardown -->
      </class> <!-- com.orlansoft.mobiletestautomation.QuickTest -->
    </test> <!-- Command line test -->
  </suite> <!-- Mobile Test -->
</testng-results>
